<html>
<body>
<pre>
<h1>Vision Build Log</h1>
<h2>Project:</h2>
F:\51\code\8.1直流电机\project.uvproj
Project File Date:  11/27/2021

<h2>Output:</h2>
Build target 'Target 1'
compiling main.c...
MAIN.C(11): error C141: syntax error near '='
MAIN.C(13): error C141: syntax error near '='
MAIN.C(14): error C202: 'True': undefined identifier
Target not created
Build target 'Target 1'
compiling main.c...
MAIN.C(16): error C202: 'True': undefined identifier
Target not created
Build target 'Target 1'
compiling main.c...
MAIN.C(16): error C202: 'true': undefined identifier
Target not created
Build target 'Target 1'
compiling main.c...
linking...
*** WARNING L1: UNRESOLVED EXTERNAL SYMBOL
    SYMBOL:  _DELAY1MS
    MODULE:  main.obj (MAIN)
*** WARNING L2: REFERENCE MADE TO UNRESOLVED EXTERNAL
    SYMBOL:  _DELAY1MS
    MODULE:  main.obj (MAIN)
    ADDRESS: 0807H
Program Size: data=9.0 xdata=0 code=28
"project" - 0 Error(s), 2 Warning(s).
Build target 'Target 1'
compiling main.c...
compiling common.c...
linking...
*** WARNING L16: UNCALLED SEGMENT, IGNORED FOR OVERLAY PROCESS
    SEGMENT: ?PR?DELAY40US?COMMON
Program Size: data=11.0 xdata=0 code=59
"project" - 0 Error(s), 1 Warning(s).
Build target 'Target 1'
compiling main.c...
compiling common.c...
linking...
*** WARNING L16: UNCALLED SEGMENT, IGNORED FOR OVERLAY PROCESS
    SEGMENT: ?PR?DELAY40US?COMMON
Program Size: data=11.0 xdata=0 code=59
creating hex file from "project"...
"project" - 0 Error(s), 1 Warning(s).
Build target 'Target 1'
compiling main.c...
compiling common.c...
linking...
*** WARNING L16: UNCALLED SEGMENT, IGNORED FOR OVERLAY PROCESS
    SEGMENT: ?PR?DELAY40US?COMMON
Program Size: data=11.0 xdata=0 code=59
creating hex file from "project"...
"project" - 0 Error(s), 1 Warning(s).
Build target 'Target 1'
compiling main.c...
compiling common.c...
linking...
*** WARNING L16: UNCALLED SEGMENT, IGNORED FOR OVERLAY PROCESS
    SEGMENT: ?PR?DELAY40US?COMMON
Program Size: data=11.0 xdata=0 code=66
creating hex file from "project"...
"project" - 0 Error(s), 1 Warning(s).
Build target 'Target 1'
compiling main.c...
compiling common.c...
linking...
*** WARNING L16: UNCALLED SEGMENT, IGNORED FOR OVERLAY PROCESS
    SEGMENT: ?PR?DELAY40US?COMMON
Program Size: data=11.0 xdata=0 code=66
creating hex file from "project"...
"project" - 0 Error(s), 1 Warning(s).
Build target 'Target 1'
compiling main.c...
compiling common.c...
linking...
*** WARNING L16: UNCALLED SEGMENT, IGNORED FOR OVERLAY PROCESS
    SEGMENT: ?PR?DELAY40US?COMMON
Program Size: data=11.0 xdata=0 code=66
creating hex file from "project"...
"project" - 0 Error(s), 1 Warning(s).
Build target 'Target 1'
compiling main.c...
compiling common.c...
linking...
*** WARNING L16: UNCALLED SEGMENT, IGNORED FOR OVERLAY PROCESS
    SEGMENT: ?PR?DELAY40US?COMMON
Program Size: data=11.0 xdata=0 code=66
creating hex file from "project"...
"project" - 0 Error(s), 1 Warning(s).
